  TriangeCommand.cpp
  GGGL.cpp
  Generating Code...
GGGL.obj : error LNK2019: unresolved external symbol glewInit referenced in function main
GGGL.obj : error LNK2019: unresolved external symbol glfwInit referenced in function main
GGGL.obj : error LNK2019: unresolved external symbol glfwTerminate referenced in function main
GGGL.obj : error LNK2019: unresolved external symbol glfwWindowHint referenced in function main
GGGL.obj : error LNK2019: unresolved external symbol glfwCreateWindow referenced in function main
GGGL.obj : error LNK2019: unresolved external symbol glfwWindowShouldClose referenced in function main
GGGL.obj : error LNK2019: unresolved external symbol glfwSetWindowShouldClose referenced in function "void __cdecl key_callback(struct GLFWwindow *,int,int,int,int)" (?key_callback@@YAXPEAUGLFWwindow@@HHHH@Z)
GGGL.obj : error LNK2019: unresolved external symbol glfwGetFramebufferSize referenced in function main
GGGL.obj : error LNK2019: unresolved external symbol glfwPollEvents referenced in function main
GGGL.obj : error LNK2019: unresolved external symbol glfwSetKeyCallback referenced in function main
GGGL.obj : error LNK2019: unresolved external symbol glfwMakeContextCurrent referenced in function main
GGGL.obj : error LNK2019: unresolved external symbol glfwSwapBuffers referenced in function main
GGGL.obj : error LNK2001: unresolved external symbol __glewAttachShader
GGGL.obj : error LNK2001: unresolved external symbol __glewCompileShader
GGGL.obj : error LNK2001: unresolved external symbol __glewCreateProgram
GGGL.obj : error LNK2001: unresolved external symbol __glewCreateShader
GGGL.obj : error LNK2001: unresolved external symbol __glewDeleteShader
GGGL.obj : error LNK2001: unresolved external symbol __glewGetProgramInfoLog
GGGL.obj : error LNK2001: unresolved external symbol __glewGetProgramiv
GGGL.obj : error LNK2001: unresolved external symbol __glewGetShaderInfoLog
GGGL.obj : error LNK2001: unresolved external symbol __glewGetShaderiv
GGGL.obj : error LNK2001: unresolved external symbol __glewLinkProgram
GGGL.obj : error LNK2001: unresolved external symbol __glewShaderSource
GGGL.obj : error LNK2001: unresolved external symbol __glewUseProgram
GGGL.obj : error LNK2001: unresolved external symbol glewExperimental
TriangeCommand.obj : error LNK2001: unresolved external symbol __glewBindBuffer
TriangeCommand.obj : error LNK2001: unresolved external symbol __glewBufferData
TriangeCommand.obj : error LNK2001: unresolved external symbol __glewGenBuffers
TriangeCommand.obj : error LNK2001: unresolved external symbol __glewEnableVertexAttribArray
TriangeCommand.obj : error LNK2001: unresolved external symbol __glewVertexAttribPointer
TriangeCommand.obj : error LNK2001: unresolved external symbol __glewBindVertexArray
TriangeCommand.obj : error LNK2001: unresolved external symbol __glewGenVertexArrays
F:\Ueuos\Ueuos-Ver--1.0\libs\glew32s.lib : warning LNK4272: library machine type 'X86' conflicts with target machine type 'x64'
F:\Ueuos\Ueuos-Ver--1.0\libs\glfw3.lib : warning LNK4272: library machine type 'X86' conflicts with target machine type 'x64'
F:\Ueuos\Ueuos-Ver--1.0\x64\Debug\GGGL.exe : fatal error LNK1120: 32 unresolved externals
